#
# A fatal error has been detected by the Java Runtime Environment:
#
#  EXCEPTION_ACCESS_VIOLATION (0xc0000005) at pc=0x00007fffe5afd9d0, pid=17284, tid=28748
#
# JRE version: OpenJDK Runtime Environment (11.0.15) (build 11.0.15+0-b2043.56-9505619)
# Java VM: OpenJDK 64-Bit Server VM (11.0.15+0-b2043.56-9505619, mixed mode, tiered, compressed oops, g1 gc, windows-amd64)
# Problematic frame:
# V  [jvm.dll+0x54d9d0]
#
# No core dump will be written. Minidumps are not enabled by default on client versions of Windows
#
# If you would like to submit a bug report, please visit:
#   https://bugreport.java.com/bugreport/crash.jsp
#

---------------  S U M M A R Y ------------

Command Line: --add-opens=java.base/java.util=ALL-UNNAMED --add-opens=java.base/java.lang=ALL-UNNAMED --add-opens=java.base/java.lang.invoke=ALL-UNNAMED --add-opens=java.base/java.util=ALL-UNNAMED --add-opens=java.prefs/java.util.prefs=ALL-UNNAMED --add-opens=java.prefs/java.util.prefs=ALL-UNNAMED --add-opens=java.base/java.nio.charset=ALL-UNNAMED --add-opens=java.base/java.net=ALL-UNNAMED --add-opens=java.base/java.util.concurrent.atomic=ALL-UNNAMED -Xmx2048m -Dfile.encoding=UTF-8 -Duser.country=FI -Duser.language=fi -Duser.variant org.gradle.launcher.daemon.bootstrap.GradleDaemon 7.5

Host: Intel(R) Core(TM) i7-8700K CPU @ 3.70GHz, 12 cores, 15G,  Windows 10 , 64 bit Build 19041 (10.0.19041.2364)
Time: Tue Feb 14 16:48:21 2023 Suomen normaaliaika elapsed time: 2.166136 seconds (0d 0h 0m 2s)

---------------  T H R E A D  ---------------

Current thread (0x000002163b192000):  JavaThread "C2 CompilerThread0" daemon [_thread_in_native, id=28748, stack(0x000000d503b00000,0x000000d503c00000)]


Current CompileTask:
C2:   2166 1895   !   4       java.util.zip.InflaterInputStream::read (138 bytes)

Stack: [0x000000d503b00000,0x000000d503c00000],  sp=0x000000d503bfb5b0,  free space=1005k
Native frames: (J=compiled Java code, j=interpreted, Vv=VM code, C=native code)
V  [jvm.dll+0x54d9d0]
V  [jvm.dll+0x54ce59]
V  [jvm.dll+0x220c9d]
V  [jvm.dll+0x222d45]
V  [jvm.dll+0x220384]
V  [jvm.dll+0x19e851]
V  [jvm.dll+0x230479]
V  [jvm.dll+0x22e5ef]
V  [jvm.dll+0x794de1]
V  [jvm.dll+0x78dc24]
V  [jvm.dll+0x6400f6]
C  [ucrtbase.dll+0x21bb2]
C  [KERNEL32.DLL+0x17614]
C  [ntdll.dll+0x526a1]


siginfo: EXCEPTION_ACCESS_VIOLATION (0xc0000005), reading address 0x0000000000000028


Register to memory mapping:

RIP=0x00007fffe5afd9d0 jvm.dll
RAX=0x000002163db5ad70 points into unknown readable memory: 0x000002163d50ae78 | 78 ae 50 3d 16 02 00 00
RBX=0x000002163deb6f80 points into unknown readable memory: 0x00007fffe5e65700 | 00 57 e6 e5 ff 7f 00 00
RCX=0x00000000000001ff is an unknown value
RDX=0x000002163db0a5a8 points into unknown readable memory: 0xfbe9c9f0b75574df | df 74 55 b7 f0 c9 e9 fb
RSP=0x000000d503bfb5b0 is pointing into the stack for thread: 0x000002163b192000
RBP=0x0 is NULL
RSI=0x000000000000027c is an unknown value
RDI=0x000000d503bfb6e0 is pointing into the stack for thread: 0x000002163b192000
R8 =0x0000000001000000 is an unknown value
R9 =0x000000d503bfd070 is pointing into the stack for thread: 0x000002163b192000
R10=0x00007ff853bb0000 VCRUNTIME140.dll
R11=0x000002163db5ef70 points into unknown readable memory: 0x000002163d3f8b38 | 38 8b 3f 3d 16 02 00 00
R12=0x000000d503bfb678 is pointing into the stack for thread: 0x000002163b192000
R13=0x000000d503bfb650 is pointing into the stack for thread: 0x000002163b192000
R14=0x0000000000000001 is an unknown value
R15=0x0 is NULL


Registers:
RAX=0x000002163db5ad70, RBX=0x000002163deb6f80, RCX=0x00000000000001ff, RDX=0x000002163db0a5a8
RSP=0x000000d503bfb5b0, RBP=0x0000000000000000, RSI=0x000000000000027c, RDI=0x000000d503bfb6e0
R8 =0x0000000001000000, R9 =0x000000d503bfd070, R10=0x00007ff853bb0000, R11=0x000002163db5ef70
R12=0x000000d503bfb678, R13=0x000000d503bfb650, R14=0x0000000000000001, R15=0x0000000000000000
RIP=0x00007fffe5afd9d0, EFLAGS=0x0000000000010216

Top of Stack: (sp=0x000000d503bfb5b0)
0x000000d503bfb5b0:   000002163deb6f80 0000000000000000
0x000000d503bfb5c0:   000000000000042f 000002163e4c1830
0x000000d503bfb5d0:   0000000000000000 00007fffe5bce08f
0x000000d503bfb5e0:   000002163b13b2f0 0000000000000000
0x000000d503bfb5f0:   000000d503bfd070 000000d503bfb720
0x000000d503bfb600:   0000000000000000 000000d503bfd9f8
0x000000d503bfb610:   000002163b224df0 00007fffe5afce59
0x000000d503bfb620:   000000d503bfd070 0000000000000001
0x000000d503bfb630:   000000d500000001 000000d503bfb6e0
0x000000d503bfb640:   000002163de27c30 00007fffe5d53c5a
0x000000d503bfb650:   000002163b13b2f0 00007fff00000800
0x000000d503bfb660:   000002163db5ad70 00007fff000001ff
0x000000d503bfb670:   0000021600000002 00007fffe5edc7f8
0x000000d503bfb680:   000002163b13b2f0 00007fff00000080
0x000000d503bfb690:   000002163db0a4d0 000002163b13b2f0
0x000000d503bfb6a0:   000002163e7b4e00 0000000000028338 

Instructions: (pc=0x00007fffe5afd9d0)
0x00007fffe5afd8d0:   48 8b cd e8 88 2e 00 00 41 8b 5e 28 48 8b f0 3b
0x00007fffe5afd8e0:   5d 28 72 0b 8b d3 48 8d 4d 20 e8 f1 06 0d 00 48
0x00007fffe5afd8f0:   8b 45 30 48 8d 56 01 48 89 14 d8 48 8b bc 24 88
0x00007fffe5afd900:   00 00 00 48 8b 07 48 3b 47 10 72 42 4c 8b 30 44
0x00007fffe5afd910:   8b 60 08 48 83 c0 f0 48 89 07 e9 e1 fc ff ff 48
0x00007fffe5afd920:   8b bc 24 88 00 00 00 48 83 07 10 48 8b 07 48 3b
0x00007fffe5afd930:   47 08 72 0b 48 8b cf e8 84 07 0d 00 48 8b 07 4c
0x00007fffe5afd940:   89 30 4c 8b f3 44 89 60 08 e9 a2 fc ff ff 41 8b
0x00007fffe5afd950:   45 18 85 c0 0f 85 86 fc ff ff 4c 8b 74 24 30 4c
0x00007fffe5afd960:   8b 64 24 38 48 8b 7c 24 40 48 8b 74 24 48 48 8b
0x00007fffe5afd970:   5c 24 70 48 83 c4 50 41 5f 41 5d 5d c3 cc cc cc
0x00007fffe5afd980:   48 89 4c 24 08 57 41 54 41 55 48 83 ec 50 41 8b
0x00007fffe5afd990:   40 18 49 8b f9 4d 8b e8 4c 8b e2 4c 8b c9 85 c0
0x00007fffe5afd9a0:   0f 84 5c 02 00 00 48 89 5c 24 78 48 89 6c 24 48
0x00007fffe5afd9b0:   48 89 74 24 40 4c 89 74 24 38 4c 89 7c 24 30 90
0x00007fffe5afd9c0:   ff c8 41 89 45 18 8b c8 49 8b 45 10 4c 8b 3c c8
0x00007fffe5afd9d0:   41 8b 4f 28 8b c1 c1 e8 05 41 3b 44 24 10 72 13
0x00007fffe5afd9e0:   49 8b 04 24 8b d1 49 8b cc ff 50 18 4c 8b 4c 24
0x00007fffe5afd9f0:   70 eb 2a 83 e1 1f 41 b8 01 00 00 00 41 d3 e0 8b
0x00007fffe5afda00:   c8 49 8b 44 24 18 48 8d 14 88 8b 0c 88 8b c1 41
0x00007fffe5afda10:   0b c0 89 02 41 23 c8 0f 85 c0 01 00 00 41 8b 4f
0x00007fffe5afda20:   20 45 33 f6 89 8c 24 80 00 00 00 0f 1f 44 00 00
0x00007fffe5afda30:   44 3b f1 0f 83 74 01 00 00 49 8b 5f 10 41 8b c6
0x00007fffe5afda40:   41 ff c6 48 8b 1c c3 8b 43 28 41 3b 41 28 73 0d
0x00007fffe5afda50:   8b c8 49 8b 41 30 48 83 3c c8 00 75 3c 48 83 7b
0x00007fffe5afda60:   10 00 74 35 49 8d b1 b8 09 00 00 8b 6e 18 8d 45
0x00007fffe5afda70:   01 89 46 18 3b 6e 08 72 0f 8b d5 48 8b ce e8 5d
0x00007fffe5afda80:   05 0d 00 4c 8b 4c 24 70 48 8b 46 10 8b 8c 24 80
0x00007fffe5afda90:   00 00 00 48 89 1c e8 eb 97 48 8b 43 08 48 83 38
0x00007fffe5afdaa0:   00 0f 84 89 00 00 00 48 8b 03 48 8b cb ff 50 10
0x00007fffe5afdab0:   84 c0 75 0a 8b 43 2c 83 e0 0f 3c 0c 75 6d 8b 4b
0x00007fffe5afdac0:   28 8b c1 c1 e8 05 41 3b 44 24 10 73 2a 4c 8b 4c 


Stack slot to memory mapping:
stack at sp + 0 slots: 0x000002163deb6f80 points into unknown readable memory: 0x00007fffe5e65700 | 00 57 e6 e5 ff 7f 00 00
stack at sp + 1 slots: 0x0 is NULL
stack at sp + 2 slots: 0x000000000000042f is an unknown value
stack at sp + 3 slots: 0x000002163e4c1830 points into unknown readable memory: 0x000002163e4bcaa0 | a0 ca 4b 3e 16 02 00 00
stack at sp + 4 slots: 0x0 is NULL
stack at sp + 5 slots: 0x00007fffe5bce08f jvm.dll
stack at sp + 6 slots: 0x000002163b13b2f0 points into unknown readable memory: 0x6d75000000000006 | 06 00 00 00 00 00 75 6d
stack at sp + 7 slots: 0x0 is NULL


---------------  P R O C E S S  ---------------

Threads class SMR info:
_java_thread_list=0x000002163d5966c0, length=23, elements={
0x000002161dcbc800, 0x000002163b12b800, 0x000002163b134800, 0x000002163b189800,
0x000002163b18a800, 0x000002163b18d800, 0x000002163b192000, 0x000002163b19b000,
0x000002163b1a4000, 0x000002163b302800, 0x000002163bd12000, 0x000002163b47b800,
0x000002163c89b800, 0x000002163d681000, 0x000002163c737800, 0x000002163e3c6000,
0x000002163c9c7000, 0x000002163d567000, 0x000002163d568000, 0x000002163dff3800,
0x000002163d9b2000, 0x000002163d9b6800, 0x000002163d9b4000
}

Java Threads: ( => current thread )
  0x000002161dcbc800 JavaThread "main" [_thread_blocked, id=37000, stack(0x000000d502f00000,0x000000d503000000)]
  0x000002163b12b800 JavaThread "Reference Handler" daemon [_thread_blocked, id=25916, stack(0x000000d503600000,0x000000d503700000)]
  0x000002163b134800 JavaThread "Finalizer" daemon [_thread_blocked, id=26852, stack(0x000000d503700000,0x000000d503800000)]
  0x000002163b189800 JavaThread "Signal Dispatcher" daemon [_thread_blocked, id=35328, stack(0x000000d503800000,0x000000d503900000)]
  0x000002163b18a800 JavaThread "Attach Listener" daemon [_thread_blocked, id=2188, stack(0x000000d503900000,0x000000d503a00000)]
  0x000002163b18d800 JavaThread "Service Thread" daemon [_thread_blocked, id=30884, stack(0x000000d503a00000,0x000000d503b00000)]
=>0x000002163b192000 JavaThread "C2 CompilerThread0" daemon [_thread_in_native, id=28748, stack(0x000000d503b00000,0x000000d503c00000)]
  0x000002163b19b000 JavaThread "C1 CompilerThread0" daemon [_thread_blocked, id=31280, stack(0x000000d503c00000,0x000000d503d00000)]
  0x000002163b1a4000 JavaThread "Sweeper thread" daemon [_thread_blocked, id=38584, stack(0x000000d503d00000,0x000000d503e00000)]
  0x000002163b302800 JavaThread "Common-Cleaner" daemon [_thread_blocked, id=28848, stack(0x000000d503e00000,0x000000d503f00000)]
  0x000002163bd12000 JavaThread "Daemon health stats" [_thread_blocked, id=17652, stack(0x000000d504700000,0x000000d504800000)]
  0x000002163b47b800 JavaThread "Incoming local TCP Connector on port 59139" [_thread_in_native, id=25904, stack(0x000000d504000000,0x000000d504100000)]
  0x000002163c89b800 JavaThread "Daemon periodic checks" [_thread_blocked, id=17616, stack(0x000000d504600000,0x000000d504700000)]
  0x000002163d681000 JavaThread "Daemon" [_thread_blocked, id=17384, stack(0x000000d504800000,0x000000d504900000)]
  0x000002163c737800 JavaThread "Handler for socket connection from /127.0.0.1:59139 to /127.0.0.1:59140" [_thread_in_native, id=37364, stack(0x000000d504900000,0x000000d504a00000)]
  0x000002163e3c6000 JavaThread "Cancel handler" [_thread_blocked, id=1836, stack(0x000000d504a00000,0x000000d504b00000)]
  0x000002163c9c7000 JavaThread "Daemon worker" [_thread_in_native, id=2372, stack(0x000000d504b00000,0x000000d504c00000)]
  0x000002163d567000 JavaThread "Asynchronous log dispatcher for DefaultDaemonConnection: socket connection from /127.0.0.1:59139 to /127.0.0.1:59140" [_thread_blocked, id=36348, stack(0x000000d504c00000,0x000000d504d00000)]
  0x000002163d568000 JavaThread "Stdin handler" [_thread_blocked, id=35776, stack(0x000000d504d00000,0x000000d504e00000)]
  0x000002163dff3800 JavaThread "Daemon client event forwarder" [_thread_blocked, id=34724, stack(0x000000d504e00000,0x000000d504f00000)]
  0x000002163d9b2000 JavaThread "Cache worker for journal cache (C:\Users\antik\.gradle\caches\journal-1)" [_thread_blocked, id=38208, stack(0x000000d504f00000,0x000000d505000000)]
  0x000002163d9b6800 JavaThread "File lock request listener" [_thread_in_native, id=29364, stack(0x000000d505000000,0x000000d505100000)]
  0x000002163d9b4000 JavaThread "Cache worker for file hash cache (C:\Users\antik\.gradle\caches\7.5\fileHashes)" [_thread_blocked, id=548, stack(0x000000d505100000,0x000000d505200000)]

Other Threads:
  0x000002163b128000 VMThread "VM Thread" [stack: 0x000000d503500000,0x000000d503600000] [id=35824]
  0x000002163b31c000 WatcherThread [stack: 0x000000d503f00000,0x000000d504000000] [id=30272]
  0x000002161dcd7000 GCTaskThread "GC Thread#0" [stack: 0x000000d503000000,0x000000d503100000] [id=7032]
  0x000002163b86c000 GCTaskThread "GC Thread#1" [stack: 0x000000d504100000,0x000000d504200000] [id=30292]
  0x000002163c37b800 GCTaskThread "GC Thread#2" [stack: 0x000000d504200000,0x000000d504300000] [id=2388]
  0x000002163bd9e000 GCTaskThread "GC Thread#3" [stack: 0x000000d504300000,0x000000d504400000] [id=16152]
  0x000002163c233800 GCTaskThread "GC Thread#4" [stack: 0x000000d504400000,0x000000d504500000] [id=35288]
  0x000002163c1e3800 GCTaskThread "GC Thread#5" [stack: 0x000000d504500000,0x000000d504600000] [id=8068]
  0x000002163cce9800 GCTaskThread "GC Thread#6" [stack: 0x000000d505200000,0x000000d505300000] [id=28924]
  0x000002163d6a9800 GCTaskThread "GC Thread#7" [stack: 0x000000d505300000,0x000000d505400000] [id=4268]
  0x000002163df9c000 GCTaskThread "GC Thread#8" [stack: 0x000000d505400000,0x000000d505500000] [id=12072]
  0x000002163c992800 GCTaskThread "GC Thread#9" [stack: 0x000000d505500000,0x000000d505600000] [id=9560]
  0x000002161dd09000 ConcurrentGCThread "G1 Main Marker" [stack: 0x000000d503100000,0x000000d503200000] [id=35908]
  0x000002161dd0a800 ConcurrentGCThread "G1 Conc#0" [stack: 0x000000d503200000,0x000000d503300000] [id=19140]
  0x000002163b97c800 ConcurrentGCThread "G1 Conc#1" [stack: 0x000000d505600000,0x000000d505700000] [id=16788]
  0x000002163d2c6800 ConcurrentGCThread "G1 Conc#2" [stack: 0x000000d505700000,0x000000d505800000] [id=11296]
  0x000002163a773800 ConcurrentGCThread "G1 Refine#0" [stack: 0x000000d503300000,0x000000d503400000] [id=35076]
  0x000002163a774800 ConcurrentGCThread "G1 Young RemSet Sampling" [stack: 0x000000d503400000,0x000000d503500000] [id=15652]

Threads with active compile tasks:
C2 CompilerThread0     2221 1895   !   4       java.util.zip.InflaterInputStream::read (138 bytes)

VM state:not at safepoint (normal execution)

VM Mutex/Monitor currently owned by a thread: None

Heap address: 0x0000000080000000, size: 2048 MB, Compressed Oops mode: 32-bit
Narrow klass base: 0x0000000000000000, Narrow klass shift: 3
Compressed class space size: 1073741824 Address: 0x0000000100000000

Heap:
 garbage-first heap   total 262144K, used 18240K [0x0000000080000000, 0x0000000100000000)
  region size 1024K, 13 young (13312K), 11 survivors (11264K)
 Metaspace       used 20988K, capacity 21505K, committed 21628K, reserved 1069056K
  class space    used 2567K, capacity 2733K, committed 2764K, reserved 1048576K
Heap Regions: E=young(eden), S=young(survivor), O=old, HS=humongous(starts), HC=humongous(continues), CS=collection set, F=free, A=archive, TAMS=top-at-mark-start (previous, next)
|   0|0x0000000080000000, 0x0000000080000000, 0x0000000080100000|  0%| F|  |TAMS 0x0000000080000000, 0x0000000080000000| Untracked 
|   1|0x0000000080100000, 0x0000000080100000, 0x0000000080200000|  0%| F|  |TAMS 0x0000000080100000, 0x0000000080100000| Untracked 
|   2|0x0000000080200000, 0x0000000080200000, 0x0000000080300000|  0%| F|  |TAMS 0x0000000080200000, 0x0000000080200000| Untracked 
|   3|0x0000000080300000, 0x0000000080400000, 0x0000000080400000|100%|HS|  |TAMS 0x0000000080400000, 0x0000000080300000| Complete 
|   4|0x0000000080400000, 0x0000000080500000, 0x0000000080500000|100%|HC|  |TAMS 0x0000000080500000, 0x0000000080400000| Complete 
|   5|0x0000000080500000, 0x0000000080600000, 0x0000000080600000|100%|HC|  |TAMS 0x0000000080600000, 0x0000000080500000| Complete 
|   6|0x0000000080600000, 0x0000000080700000, 0x0000000080700000|100%| O|  |TAMS 0x0000000080700000, 0x0000000080600000| Untracked 
|   7|0x0000000080700000, 0x0000000080800000, 0x0000000080800000|100%| O|  |TAMS 0x0000000080800000, 0x0000000080700000| Untracked 
|   8|0x0000000080800000, 0x0000000080900000, 0x0000000080900000|100%| O|  |TAMS 0x0000000080900000, 0x0000000080800000| Untracked 
|   9|0x0000000080900000, 0x000000008096a800, 0x0000000080a00000| 41%| O|  |TAMS 0x000000008096a800, 0x0000000080900000| Untracked 
|  10|0x0000000080a00000, 0x0000000080a00000, 0x0000000080b00000|  0%| F|  |TAMS 0x0000000080a00000, 0x0000000080a00000| Untracked 
|  11|0x0000000080b00000, 0x0000000080b00000, 0x0000000080c00000|  0%| F|  |TAMS 0x0000000080b00000, 0x0000000080b00000| Untracked 
|  12|0x0000000080c00000, 0x0000000080c00000, 0x0000000080d00000|  0%| F|  |TAMS 0x0000000080c00000, 0x0000000080c00000| Untracked 
|  13|0x0000000080d00000, 0x0000000080d00000, 0x0000000080e00000|  0%| F|  |TAMS 0x0000000080d00000, 0x0000000080d00000| Untracked 
|  14|0x0000000080e00000, 0x0000000080e00000, 0x0000000080f00000|  0%| F|  |TAMS 0x0000000080e00000, 0x0000000080e00000| Untracked 
|  15|0x0000000080f00000, 0x0000000080f00000, 0x0000000081000000|  0%| F|  |TAMS 0x0000000080f00000, 0x0000000080f00000| Untracked 
|  16|0x0000000081000000, 0x0000000081000000, 0x0000000081100000|  0%| F|  |TAMS 0x0000000081000000, 0x0000000081000000| Untracked 
|  17|0x0000000081100000, 0x0000000081100000, 0x0000000081200000|  0%| F|  |TAMS 0x0000000081100000, 0x0000000081100000| Untracked 
|  18|0x0000000081200000, 0x0000000081200000, 0x0000000081300000|  0%| F|  |TAMS 0x0000000081200000, 0x0000000081200000| Untracked 
|  19|0x0000000081300000, 0x0000000081300000, 0x0000000081400000|  0%| F|  |TAMS 0x0000000081300000, 0x0000000081300000| Untracked 
|  20|0x0000000081400000, 0x0000000081400000, 0x0000000081500000|  0%| F|  |TAMS 0x0000000081400000, 0x0000000081400000| Untracked 
|  21|0x0000000081500000, 0x0000000081500000, 0x0000000081600000|  0%| F|  |TAMS 0x0000000081500000, 0x0000000081500000| Untracked 
|  22|0x0000000081600000, 0x0000000081600000, 0x0000000081700000|  0%| F|  |TAMS 0x0000000081600000, 0x0000000081600000| Untracked 
|  23|0x0000000081700000, 0x0000000081700000, 0x0000000081800000|  0%| F|  |TAMS 0x0000000081700000, 0x0000000081700000| Untracked 
|  24|0x0000000081800000, 0x0000000081800000, 0x0000000081900000|  0%| F|  |TAMS 0x0000000081800000, 0x0000000081800000| Untracked 
|  25|0x0000000081900000, 0x0000000081900000, 0x0000000081a00000|  0%| F|  |TAMS 0x0000000081900000, 0x0000000081900000| Untracked 
|  26|0x0000000081a00000, 0x0000000081a00000, 0x0000000081b00000|  0%| F|  |TAMS 0x0000000081a00000, 0x0000000081a00000| Untracked 
|  27|0x0000000081b00000, 0x0000000081b00000, 0x0000000081c00000|  0%| F|  |TAMS 0x0000000081b00000, 0x0000000081b00000| Untracked 
|  28|0x0000000081c00000, 0x0000000081c00000, 0x0000000081d00000|  0%| F|  |TAMS 0x0000000081c00000, 0x0000000081c00000| Untracked 
|  29|0x0000000081d00000, 0x0000000081d00000, 0x0000000081e00000|  0%| F|  |TAMS 0x0000000081d00000, 0x0000000081d00000| Untracked 
|  30|0x0000000081e00000, 0x0000000081e00000, 0x0000000081f00000|  0%| F|  |TAMS 0x0000000081e00000, 0x0000000081e00000| Untracked 
|  31|0x0000000081f00000, 0x0000000081f00000, 0x0000000082000000|  0%| F|  |TAMS 0x0000000081f00000, 0x0000000081f00000| Untracked 
|  32|0x0000000082000000, 0x0000000082000000, 0x0000000082100000|  0%| F|  |TAMS 0x0000000082000000, 0x0000000082000000| Untracked 
|  33|0x0000000082100000, 0x0000000082100000, 0x0000000082200000|  0%| F|  |TAMS 0x0000000082100000, 0x0000000082100000| Untracked 
|  34|0x0000000082200000, 0x0000000082200000, 0x0000000082300000|  0%| F|  |TAMS 0x0000000082200000, 0x0000000082200000| Untracked 
|  35|0x0000000082300000, 0x0000000082300000, 0x0000000082400000|  0%| F|  |TAMS 0x0000000082300000, 0x0000000082300000| Untracked 
|  36|0x0000000082400000, 0x0000000082400000, 0x0000000082500000|  0%| F|  |TAMS 0x0000000082400000, 0x0000000082400000| Untracked 
|  37|0x0000000082500000, 0x0000000082500000, 0x0000000082600000|  0%| F|  |TAMS 0x0000000082500000, 0x0000000082500000| Untracked 
|  38|0x0000000082600000, 0x0000000082600000, 0x0000000082700000|  0%| F|  |TAMS 0x0000000082600000, 0x0000000082600000| Untracked 
|  39|0x0000000082700000, 0x0000000082700000, 0x0000000082800000|  0%| F|  |TAMS 0x0000000082700000, 0x0000000082700000| Untracked 
|  40|0x0000000082800000, 0x0000000082800000, 0x0000000082900000|  0%| F|  |TAMS 0x0000000082800000, 0x0000000082800000| Untracked 
|  41|0x0000000082900000, 0x0000000082900000, 0x0000000082a00000|  0%| F|  |TAMS 0x0000000082900000, 0x0000000082900000| Untracked 
|  42|0x0000000082a00000, 0x0000000082a00000, 0x0000000082b00000|  0%| F|  |TAMS 0x0000000082a00000, 0x0000000082a00000| Untracked 
|  43|0x0000000082b00000, 0x0000000082b00000, 0x0000000082c00000|  0%| F|  |TAMS 0x0000000082b00000, 0x0000000082b00000| Untracked 
|  44|0x0000000082c00000, 0x0000000082c00000, 0x0000000082d00000|  0%| F|  |TAMS 0x0000000082c00000, 0x0000000082c00000| Untracked 
|  45|0x0000000082d00000, 0x0000000082d00000, 0x0000000082e00000|  0%| F|  |TAMS 0x0000000082d00000, 0x0000000082d00000| Untracked 
|  46|0x0000000082e00000, 0x0000000082e00000, 0x0000000082f00000|  0%| F|  |TAMS 0x0000000082e00000, 0x0000000082e00000| Untracked 
|  47|0x0000000082f00000, 0x0000000082f00000, 0x0000000083000000|  0%| F|  |TAMS 0x0000000082f00000, 0x0000000082f00000| Untracked 
|  48|0x0000000083000000, 0x0000000083000000, 0x0000000083100000|  0%| F|  |TAMS 0x0000000083000000, 0x0000000083000000| Untracked 
|  49|0x0000000083100000, 0x0000000083100000, 0x0000000083200000|  0%| F|  |TAMS 0x0000000083100000, 0x0000000083100000| Untracked 
|  50|0x0000000083200000, 0x0000000083200000, 0x0000000083300000|  0%| F|  |TAMS 0x0000000083200000, 0x0000000083200000| Untracked 
|  51|0x0000000083300000, 0x0000000083300000, 0x0000000083400000|  0%| F|  |TAMS 0x0000000083300000, 0x0000000083300000| Untracked 
|  52|0x0000000083400000, 0x0000000083400000, 0x0000000083500000|  0%| F|  |TAMS 0x0000000083400000, 0x0000000083400000| Untracked 
|  53|0x0000000083500000, 0x0000000083500000, 0x0000000083600000|  0%| F|  |TAMS 0x0000000083500000, 0x0000000083500000| Untracked 
|  54|0x0000000083600000, 0x0000000083600000, 0x0000000083700000|  0%| F|  |TAMS 0x0000000083600000, 0x0000000083600000| Untracked 
|  55|0x0000000083700000, 0x0000000083700000, 0x0000000083800000|  0%| F|  |TAMS 0x0000000083700000, 0x0000000083700000| Untracked 
|  56|0x0000000083800000, 0x0000000083800000, 0x0000000083900000|  0%| F|  |TAMS 0x0000000083800000, 0x0000000083800000| Untracked 
|  57|0x0000000083900000, 0x0000000083900000, 0x0000000083a00000|  0%| F|  |TAMS 0x0000000083900000, 0x0000000083900000| Untracked 
|  58|0x0000000083a00000, 0x0000000083a00000, 0x0000000083b00000|  0%| F|  |TAMS 0x0000000083a00000, 0x0000000083a00000| Untracked 
|  59|0x0000000083b00000, 0x0000000083b00000, 0x0000000083c00000|  0%| F|  |TAMS 0x0000000083b00000, 0x0000000083b00000| Untracked 
|  60|0x0000000083c00000, 0x0000000083c00000, 0x0000000083d00000|  0%| F|  |TAMS 0x0000000083c00000, 0x0000000083c00000| Untracked 
|  61|0x0000000083d00000, 0x0000000083d00000, 0x0000000083e00000|  0%| F|  |TAMS 0x0000000083d00000, 0x0000000083d00000| Untracked 
|  62|0x0000000083e00000, 0x0000000083e00000, 0x0000000083f00000|  0%| F|  |TAMS 0x0000000083e00000, 0x0000000083e00000| Untracked 
|  63|0x0000000083f00000, 0x0000000083f00000, 0x0000000084000000|  0%| F|  |TAMS 0x0000000083f00000, 0x0000000083f00000| Untracked 
|  64|0x0000000084000000, 0x0000000084000000, 0x0000000084100000|  0%| F|  |TAMS 0x0000000084000000, 0x0000000084000000| Untracked 
|  65|0x0000000084100000, 0x0000000084100000, 0x0000000084200000|  0%| F|  |TAMS 0x0000000084100000, 0x0000000084100000| Untracked 
|  66|0x0000000084200000, 0x0000000084200000, 0x0000000084300000|  0%| F|  |TAMS 0x0000000084200000, 0x0000000084200000| Untracked 
|  67|0x0000000084300000, 0x0000000084300000, 0x0000000084400000|  0%| F|  |TAMS 0x0000000084300000, 0x0000000084300000| Untracked 
|  68|0x0000000084400000, 0x0000000084400000, 0x0000000084500000|  0%| F|  |TAMS 0x0000000084400000, 0x0000000084400000| Untracked 
|  69|0x0000000084500000, 0x0000000084500000, 0x0000000084600000|  0%| F|  |TAMS 0x0000000084500000, 0x0000000084500000| Untracked 
|  70|0x0000000084600000, 0x0000000084600000, 0x0000000084700000|  0%| F|  |TAMS 0x0000000084600000, 0x0000000084600000| Untracked 
|  71|0x0000000084700000, 0x0000000084700000, 0x0000000084800000|  0%| F|  |TAMS 0x0000000084700000, 0x0000000084700000| Untracked 
|  72|0x0000000084800000, 0x0000000084800000, 0x0000000084900000|  0%| F|  |TAMS 0x0000000084800000, 0x0000000084800000| Untracked 
|  73|0x0000000084900000, 0x0000000084900000, 0x0000000084a00000|  0%| F|  |TAMS 0x0000000084900000, 0x0000000084900000| Untracked 
|  74|0x0000000084a00000, 0x0000000084a00000, 0x0000000084b00000|  0%| F|  |TAMS 0x0000000084a00000, 0x0000000084a00000| Untracked 
|  75|0x0000000084b00000, 0x0000000084b00000, 0x0000000084c00000|  0%| F|  |TAMS 0x0000000084b00000, 0x0000000084b00000| Untracked 
|  76|0x0000000084c00000, 0x0000000084c00000, 0x0000000084d00000|  0%| F|  |TAMS 0x0000000084c00000, 0x0000000084c00000| Untracked 
|  77|0x0000000084d00000, 0x0000000084d00000, 0x0000000084e00000|  0%| F|  |TAMS 0x0000000084d00000, 0x0000000084d00000| Untracked 
|  78|0x0000000084e00000, 0x0000000084e00000, 0x0000000084f00000|  0%| F|  |TAMS 0x0000000084e00000, 0x0000000084e00000| Untracked 
|  79|0x0000000084f00000, 0x0000000084f00000, 0x0000000085000000|  0%| F|  |TAMS 0x0000000084f00000, 0x0000000084f00000| Untracked 
|  80|0x0000000085000000, 0x0000000085000000, 0x0000000085100000|  0%| F|  |TAMS 0x0000000085000000, 0x0000000085000000| Untracked 
|  81|0x0000000085100000, 0x0000000085100000, 0x0000000085200000|  0%| F|  |TAMS 0x0000000085100000, 0x0000000085100000| Untracked 
|  82|0x0000000085200000, 0x0000000085200000, 0x0000000085300000|  0%| F|  |TAMS 0x0000000085200000, 0x0000000085200000| Untracked 
|  83|0x0000000085300000, 0x0000000085300000, 0x0000000085400000|  0%| F|  |TAMS 0x0000000085300000, 0x0000000085300000| Untracked 
|  84|0x0000000085400000, 0x0000000085400000, 0x0000000085500000|  0%| F|  |TAMS 0x0000000085400000, 0x0000000085400000| Untracked 
|  85|0x0000000085500000, 0x0000000085500000, 0x0000000085600000|  0%| F|  |TAMS 0x0000000085500000, 0x0000000085500000| Untracked 
|  86|0x0000000085600000, 0x0000000085600000, 0x0000000085700000|  0%| F|  |TAMS 0x0000000085600000, 0x0000000085600000| Untracked 
|  87|0x0000000085700000, 0x0000000085700000, 0x0000000085800000|  0%| F|  |TAMS 0x0000000085700000, 0x0000000085700000| Untracked 
|  88|0x0000000085800000, 0x0000000085800000, 0x0000000085900000|  0%| F|  |TAMS 0x0000000085800000, 0x0000000085800000| Untracked 
|  89|0x0000000085900000, 0x0000000085900000, 0x0000000085a00000|  0%| F|  |TAMS 0x0000000085900000, 0x0000000085900000| Untracked 
|  90|0x0000000085a00000, 0x0000000085a00000, 0x0000000085b00000|  0%| F|  |TAMS 0x0000000085a00000, 0x0000000085a00000| Untracked 
|  91|0x0000000085b00000, 0x0000000085b00000, 0x0000000085c00000|  0%| F|  |TAMS 0x0000000085b00000, 0x0000000085b00000| Untracked 
|  92|0x0000000085c00000, 0x0000000085c00000, 0x0000000085d00000|  0%| F|  |TAMS 0x0000000085c00000, 0x0000000085c00000| Untracked 
|  93|0x0000000085d00000, 0x0000000085d00000, 0x0000000085e00000|  0%| F|  |TAMS 0x0000000085d00000, 0x0000000085d00000| Untracked 
|  94|0x0000000085e00000, 0x0000000085e00000, 0x0000000085f00000|  0%| F|  |TAMS 0x0000000085e00000, 0x0000000085e00000| Untracked 
|  95|0x0000000085f00000, 0x0000000085f00000, 0x0000000086000000|  0%| F|  |TAMS 0x0000000085f00000, 0x0000000085f00000| Untracked 
|  96|0x0000000086000000, 0x0000000086000000, 0x0000000086100000|  0%| F|  |TAMS 0x0000000086000000, 0x0000000086000000| Untracked 
|  97|0x0000000086100000, 0x0000000086100000, 0x0000000086200000|  0%| F|  |TAMS 0x0000000086100000, 0x0000000086100000| Untracked 
|  98|0x0000000086200000, 0x0000000086200000, 0x0000000086300000|  0%| F|  |TAMS 0x0000000086200000, 0x0000000086200000| Untracked 
|  99|0x0000000086300000, 0x0000000086300000, 0x0000000086400000|  0%| F|  |TAMS 0x0000000086300000, 0x0000000086300000| Untracked 
| 100|0x0000000086400000, 0x0000000086400000, 0x0000000086500000|  0%| F|  |TAMS 0x0000000086400000, 0x0000000086400000| Untracked 
| 101|0x0000000086500000, 0x0000000086500000, 0x0000000086600000|  0%| F|  |TAMS 0x0000000086500000, 0x0000000086500000| Untracked 
| 102|0x0000000086600000, 0x0000000086600000, 0x0000000086700000|  0%| F|  |TAMS 0x0000000086600000, 0x0000000086600000| Untracked 
| 103|0x0000000086700000, 0x0000000086700000, 0x0000000086800000|  0%| F|  |TAMS 0x0000000086700000, 0x0000000086700000| Untracked 
| 104|0x0000000086800000, 0x0000000086800000, 0x0000000086900000|  0%| F|  |TAMS 0x0000000086800000, 0x0000000086800000| Untracked 
| 105|0x0000000086900000, 0x0000000086900000, 0x0000000086a00000|  0%| F|  |TAMS 0x0000000086900000, 0x0000000086900000| Untracked 
| 106|0x0000000086a00000, 0x0000000086a00000, 0x0000000086b00000|  0%| F|  |TAMS 0x0000000086a00000, 0x0000000086a00000| Untracked 
| 107|0x0000000086b00000, 0x0000000086b00000, 0x0000000086c00000|  0%| F|  |TAMS 0x0000000086b00000, 0x0000000086b00000| Untracked 
| 108|0x0000000086c00000, 0x0000000086c00000, 0x0000000086d00000|  0%| F|  |TAMS 0x0000000086c00000, 0x0000000086c00000| Untracked 
| 109|0x0000000086d00000, 0x0000000086d00000, 0x0000000086e00000|  0%| F|  |TAMS 0x0000000086d00000, 0x0000000086d00000| Untracked 
| 110|0x0000000086e00000, 0x0000000086e00000, 0x0000000086f00000|  0%| F|  |TAMS 0x0000000086e00000, 0x0000000086e00000| Untracked 
| 111|0x0000000086f00000, 0x0000000086f00000, 0x0000000087000000|  0%| F|  |TAMS 0x0000000086f00000, 0x0000000086f00000| Untracked 
| 112|0x0000000087000000, 0x0000000087000000, 0x0000000087100000|  0%| F|  |TAMS 0x0000000087000000, 0x0000000087000000| Untracked 
| 113|0x0000000087100000, 0x0000000087100000, 0x0000000087200000|  0%| F|  |TAMS 0x0000000087100000, 0x0000000087100000| Untracked 
| 114|0x0000000087200000, 0x0000000087200000, 0x0000000087300000|  0%| F|  |TAMS 0x0000000087200000, 0x0000000087200000| Untracked 
| 115|0x0000000087300000, 0x0000000087300000, 0x0000000087400000|  0%| F|  |TAMS 0x0000000087300000, 0x0000000087300000| Untracked 
| 116|0x0000000087400000, 0x0000000087400000, 0x0000000087500000|  0%| F|  |TAMS 0x0000000087400000, 0x0000000087400000| Untracked 
| 117|0x0000000087500000, 0x0000000087500000, 0x0000000087600000|  0%| F|  |TAMS 0x0000000087500000, 0x0000000087500000| Untracked 
| 118|0x0000000087600000, 0x0000000087600000, 0x0000000087700000|  0%| F|  |TAMS 0x0000000087600000, 0x0000000087600000| Untracked 
| 119|0x0000000087700000, 0x0000000087700000, 0x0000000087800000|  0%| F|  |TAMS 0x0000000087700000, 0x0000000087700000| Untracked 
| 120|0x0000000087800000, 0x0000000087800000, 0x0000000087900000|  0%| F|  |TAMS 0x0000000087800000, 0x0000000087800000| Untracked 
| 121|0x0000000087900000, 0x0000000087900000, 0x0000000087a00000|  0%| F|  |TAMS 0x0000000087900000, 0x0000000087900000| Untracked 
| 122|0x0000000087a00000, 0x0000000087a00000, 0x0000000087b00000|  0%| F|  |TAMS 0x0000000087a00000, 0x0000000087a00000| Untracked 
| 123|0x0000000087b00000, 0x0000000087b00000, 0x0000000087c00000|  0%| F|  |TAMS 0x0000000087b00000, 0x0000000087b00000| Untracked 
| 124|0x0000000087c00000, 0x0000000087c00000, 0x0000000087d00000|  0%| F|  |TAMS 0x0000000087c00000, 0x0000000087c00000| Untracked 
| 125|0x0000000087d00000, 0x0000000087d00000, 0x0000000087e00000|  0%| F|  |TAMS 0x0000000087d00000, 0x0000000087d00000| Untracked 
| 126|0x0000000087e00000, 0x0000000087e00000, 0x0000000087f00000|  0%| F|  |TAMS 0x0000000087e00000, 0x0000000087e00000| Untracked 
| 127|0x0000000087f00000, 0x0000000087f00000, 0x0000000088000000|  0%| F|  |TAMS 0x0000000087f00000, 0x0000000087f00000| Untracked 
| 128|0x0000000088000000, 0x0000000088000000, 0x0000000088100000|  0%| F|  |TAMS 0x0000000088000000, 0x0000000088000000| Untracked 
| 129|0x0000000088100000, 0x0000000088100000, 0x0000000088200000|  0%| F|  |TAMS 0x0000000088100000, 0x0000000088100000| Untracked 
| 130|0x0000000088200000, 0x0000000088200000, 0x0000000088300000|  0%| F|  |TAMS 0x0000000088200000, 0x0000000088200000| Untracked 
| 131|0x0000000088300000, 0x0000000088300000, 0x0000000088400000|  0%| F|  |TAMS 0x0000000088300000, 0x0000000088300000| Untracked 
| 132|0x0000000088400000, 0x0000000088400000, 0x0000000088500000|  0%| F|  |TAMS 0x0000000088400000, 0x0000000088400000| Untracked 
| 133|0x0000000088500000, 0x0000000088500000, 0x0000000088600000|  0%| F|  |TAMS 0x0000000088500000, 0x0000000088500000| Untracked 
| 134|0x0000000088600000, 0x0000000088600000, 0x0000000088700000|  0%| F|  |TAMS 0x0000000088600000, 0x0000000088600000| Untracked 
| 135|0x0000000088700000, 0x0000000088700000, 0x0000000088800000|  0%| F|  |TAMS 0x0000000088700000, 0x0000000088700000| Untracked 
| 136|0x0000000088800000, 0x0000000088800000, 0x0000000088900000|  0%| F|  |TAMS 0x0000000088800000, 0x0000000088800000| Untracked 
| 137|0x0000000088900000, 0x0000000088900000, 0x0000000088a00000|  0%| F|  |TAMS 0x0000000088900000, 0x0000000088900000| Untracked 
| 138|0x0000000088a00000, 0x0000000088a00000, 0x0000000088b00000|  0%| F|  |TAMS 0x0000000088a00000, 0x0000000088a00000| Untracked 
| 139|0x0000000088b00000, 0x0000000088b00000, 0x0000000088c00000|  0%| F|  |TAMS 0x0000000088b00000, 0x0000000088b00000| Untracked 
| 140|0x0000000088c00000, 0x0000000088c00000, 0x0000000088d00000|  0%| F|  |TAMS 0x0000000088c00000, 0x0000000088c00000| Untracked 
| 141|0x0000000088d00000, 0x0000000088d00000, 0x0000000088e00000|  0%| F|  |TAMS 0x0000000088d00000, 0x0000000088d00000| Untracked 
| 142|0x0000000088e00000, 0x0000000088e00000, 0x0000000088f00000|  0%| F|  |TAMS 0x0000000088e00000, 0x0000000088e00000| Untracked 
| 143|0x0000000088f00000, 0x0000000088f00000, 0x0000000089000000|  0%| F|  |TAMS 0x0000000088f00000, 0x0000000088f00000| Untracked 
| 144|0x0000000089000000, 0x00000000890658b8, 0x0000000089100000| 39%| S|CS|TAMS 0x0000000089000000, 0x0000000089000000| Complete 
| 145|0x0000000089100000, 0x0000000089200000, 0x0000000089200000|100%| S|CS|TAMS 0x0000000089100000, 0x0000000089100000| Complete 
| 146|0x0000000089200000, 0x0000000089300000, 0x0000000089300000|100%| S|CS|TAMS 0x0000000089200000, 0x0000000089200000| Complete 
| 147|0x0000000089300000, 0x0000000089400000, 0x0000000089400000|100%| S|CS|TAMS 0x0000000089300000, 0x0000000089300000| Complete 
| 148|0x0000000089400000, 0x0000000089500000, 0x0000000089500000|100%| S|CS|TAMS 0x0000000089400000, 0x0000000089400000| Complete 
| 149|0x0000000089500000, 0x0000000089600000, 0x0000000089600000|100%| S|CS|TAMS 0x0000000089500000, 0x0000000089500000| Complete 
| 150|0x0000000089600000, 0x0000000089700000, 0x0000000089700000|100%| S|CS|TAMS 0x0000000089600000, 0x0000000089600000| Complete 
| 151|0x0000000089700000, 0x0000000089800000, 0x0000000089800000|100%| S|CS|TAMS 0x0000000089700000, 0x0000000089700000| Complete 
| 152|0x0000000089800000, 0x0000000089900000, 0x0000000089900000|100%| S|CS|TAMS 0x0000000089800000, 0x0000000089800000| Complete 
| 153|0x0000000089900000, 0x0000000089a00000, 0x0000000089a00000|100%| S|CS|TAMS 0x0000000089900000, 0x0000000089900000| Complete 
| 154|0x0000000089a00000, 0x0000000089b00000, 0x0000000089b00000|100%| S|CS|TAMS 0x0000000089a00000, 0x0000000089a00000| Complete 
| 155|0x0000000089b00000, 0x0000000089b00000, 0x0000000089c00000|  0%| F|  |TAMS 0x0000000089b00000, 0x0000000089b00000| Untracked 
| 156|0x0000000089c00000, 0x0000000089c00000, 0x0000000089d00000|  0%| F|  |TAMS 0x0000000089c00000, 0x0000000089c00000| Untracked 
| 157|0x0000000089d00000, 0x0000000089d00000, 0x0000000089e00000|  0%| F|  |TAMS 0x0000000089d00000, 0x0000000089d00000| Untracked 
| 158|0x0000000089e00000, 0x0000000089e00000, 0x0000000089f00000|  0%| F|  |TAMS 0x0000000089e00000, 0x0000000089e00000| Untracked 
| 159|0x0000000089f00000, 0x0000000089f00000, 0x000000008a000000|  0%| F|  |TAMS 0x0000000089f00000, 0x0000000089f00000| Untracked 
| 160|0x000000008a000000, 0x000000008a000000, 0x000000008a100000|  0%| F|  |TAMS 0x000000008a000000, 0x000000008a000000| Untracked 
| 161|0x000000008a100000, 0x000000008a100000, 0x000000008a200000|  0%| F|  |TAMS 0x000000008a100000, 0x000000008a100000| Untracked 
| 162|0x000000008a200000, 0x000000008a200000, 0x000000008a300000|  0%| F|  |TAMS 0x000000008a200000, 0x000000008a200000| Untracked 
| 163|0x000000008a300000, 0x000000008a300000, 0x000000008a400000|  0%| F|  |TAMS 0x000000008a300000, 0x000000008a300000| Untracked 
| 164|0x000000008a400000, 0x000000008a400000, 0x000000008a500000|  0%| F|  |TAMS 0x000000008a400000, 0x000000008a400000| Untracked 
| 165|0x000000008a500000, 0x000000008a500000, 0x000000008a600000|  0%| F|  |TAMS 0x000000008a500000, 0x000000008a500000| Untracked 
| 166|0x000000008a600000, 0x000000008a600000, 0x000000008a700000|  0%| F|  |TAMS 0x000000008a600000, 0x000000008a600000| Untracked 
| 167|0x000000008a700000, 0x000000008a700000, 0x000000008a800000|  0%| F|  |TAMS 0x000000008a700000, 0x000000008a700000| Untracked 
| 168|0x000000008a800000, 0x000000008a800000, 0x000000008a900000|  0%| F|  |TAMS 0x000000008a800000, 0x000000008a800000| Untracked 
| 169|0x000000008a900000, 0x000000008a900000, 0x000000008aa00000|  0%| F|  |TAMS 0x000000008a900000, 0x000000008a900000| Untracked 
| 170|0x000000008aa00000, 0x000000008aa00000, 0x000000008ab00000|  0%| F|  |TAMS 0x000000008aa00000, 0x000000008aa00000| Untracked 
| 171|0x000000008ab00000, 0x000000008ab00000, 0x000000008ac00000|  0%| F|  |TAMS 0x000000008ab00000, 0x000000008ab00000| Untracked 
| 172|0x000000008ac00000, 0x000000008ac00000, 0x000000008ad00000|  0%| F|  |TAMS 0x000000008ac00000, 0x000000008ac00000| Untracked 
| 173|0x000000008ad00000, 0x000000008ad00000, 0x000000008ae00000|  0%| F|  |TAMS 0x000000008ad00000, 0x000000008ad00000| Untracked 
| 174|0x000000008ae00000, 0x000000008ae00000, 0x000000008af00000|  0%| F|  |TAMS 0x000000008ae00000, 0x000000008ae00000| Untracked 
| 175|0x000000008af00000, 0x000000008af00000, 0x000000008b000000|  0%| F|  |TAMS 0x000000008af00000, 0x000000008af00000| Untracked 
| 176|0x000000008b000000, 0x000000008b000000, 0x000000008b100000|  0%| F|  |TAMS 0x000000008b000000, 0x000000008b000000| Untracked 
| 177|0x000000008b100000, 0x000000008b100000, 0x000000008b200000|  0%| F|  |TAMS 0x000000008b100000, 0x000000008b100000| Untracked 
| 178|0x000000008b200000, 0x000000008b200000, 0x000000008b300000|  0%| F|  |TAMS 0x000000008b200000, 0x000000008b200000| Untracked 
| 179|0x000000008b300000, 0x000000008b300000, 0x000000008b400000|  0%| F|  |TAMS 0x000000008b300000, 0x000000008b300000| Untracked 
| 180|0x000000008b400000, 0x000000008b400000, 0x000000008b500000|  0%| F|  |TAMS 0x000000008b400000, 0x000000008b400000| Untracked 
| 181|0x000000008b500000, 0x000000008b500000, 0x000000008b600000|  0%| F|  |TAMS 0x000000008b500000, 0x000000008b500000| Untracked 
| 182|0x000000008b600000, 0x000000008b600000, 0x000000008b700000|  0%| F|  |TAMS 0x000000008b600000, 0x000000008b600000| Untracked 
| 183|0x000000008b700000, 0x000000008b700000, 0x000000008b800000|  0%| F|  |TAMS 0x000000008b700000, 0x000000008b700000| Untracked 
| 184|0x000000008b800000, 0x000000008b800000, 0x000000008b900000|  0%| F|  |TAMS 0x000000008b800000, 0x000000008b800000| Untracked 
| 185|0x000000008b900000, 0x000000008b900000, 0x000000008ba00000|  0%| F|  |TAMS 0x000000008b900000, 0x000000008b900000| Untracked 
| 186|0x000000008ba00000, 0x000000008ba00000, 0x000000008bb00000|  0%| F|  |TAMS 0x000000008ba00000, 0x000000008ba00000| Untracked 
| 187|0x000000008bb00000, 0x000000008bb00000, 0x000000008bc00000|  0%| F|  |TAMS 0x000000008bb00000, 0x000000008bb00000| Untracked 
| 188|0x000000008bc00000, 0x000000008bc00000, 0x000000008bd00000|  0%| F|  |TAMS 0x000000008bc00000, 0x000000008bc00000| Untracked 
| 189|0x000000008bd00000, 0x000000008bd00000, 0x000000008be00000|  0%| F|  |TAMS 0x000000008bd00000, 0x000000008bd00000| Untracked 
| 190|0x000000008be00000, 0x000000008be00000, 0x000000008bf00000|  0%| F|  |TAMS 0x000000008be00000, 0x000000008be00000| Untracked 
| 191|0x000000008bf00000, 0x000000008bf00000, 0x000000008c000000|  0%| F|  |TAMS 0x000000008bf00000, 0x000000008bf00000| Untracked 
| 192|0x000000008c000000, 0x000000008c000000, 0x000000008c100000|  0%| F|  |TAMS 0x000000008c000000, 0x000000008c000000| Untracked 
| 193|0x000000008c100000, 0x000000008c100000, 0x000000008c200000|  0%| F|  |TAMS 0x000000008c100000, 0x000000008c100000| Untracked 
| 194|0x000000008c200000, 0x000000008c200000, 0x000000008c300000|  0%| F|  |TAMS 0x000000008c200000, 0x000000008c200000| Untracked 
| 195|0x000000008c300000, 0x000000008c300000, 0x000000008c400000|  0%| F|  |TAMS 0x000000008c300000, 0x000000008c300000| Untracked 
| 196|0x000000008c400000, 0x000000008c400000, 0x000000008c500000|  0%| F|  |TAMS 0x000000008c400000, 0x000000008c400000| Untracked 
| 197|0x000000008c500000, 0x000000008c500000, 0x000000008c600000|  0%| F|  |TAMS 0x000000008c500000, 0x000000008c500000| Untracked 
| 198|0x000000008c600000, 0x000000008c600000, 0x000000008c700000|  0%| F|  |TAMS 0x000000008c600000, 0x000000008c600000| Untracked 
| 199|0x000000008c700000, 0x000000008c700000, 0x000000008c800000|  0%| F|  |TAMS 0x000000008c700000, 0x000000008c700000| Untracked 
| 200|0x000000008c800000, 0x000000008c800000, 0x000000008c900000|  0%| F|  |TAMS 0x000000008c800000, 0x000000008c800000| Untracked 
| 201|0x000000008c900000, 0x000000008c900000, 0x000000008ca00000|  0%| F|  |TAMS 0x000000008c900000, 0x000000008c900000| Untracked 
| 202|0x000000008ca00000, 0x000000008ca00000, 0x000000008cb00000|  0%| F|  |TAMS 0x000000008ca00000, 0x000000008ca00000| Untracked 
| 203|0x000000008cb00000, 0x000000008cb00000, 0x000000008cc00000|  0%| F|  |TAMS 0x000000008cb00000, 0x000000008cb00000| Untracked 
| 204|0x000000008cc00000, 0x000000008cc00000, 0x000000008cd00000|  0%| F|  |TAMS 0x000000008cc00000, 0x000000008cc00000| Untracked 
| 205|0x000000008cd00000, 0x000000008cd00000, 0x000000008ce00000|  0%| F|  |TAMS 0x000000008cd00000, 0x000000008cd00000| Untracked 
| 206|0x000000008ce00000, 0x000000008ce00000, 0x000000008cf00000|  0%| F|  |TAMS 0x000000008ce00000, 0x000000008ce00000| Untracked 
| 207|0x000000008cf00000, 0x000000008cf00000, 0x000000008d000000|  0%| F|  |TAMS 0x000000008cf00000, 0x000000008cf00000| Untracked 
| 208|0x000000008d000000, 0x000000008d000000, 0x000000008d100000|  0%| F|  |TAMS 0x000000008d000000, 0x000000008d000000| Untracked 
| 209|0x000000008d100000, 0x000000008d100000, 0x000000008d200000|  0%| F|  |TAMS 0x000000008d100000, 0x000000008d100000| Untracked 
| 210|0x000000008d200000, 0x000000008d200000, 0x000000008d300000|  0%| F|  |TAMS 0x000000008d200000, 0x000000008d200000| Untracked 
| 211|0x000000008d300000, 0x000000008d300000, 0x000000008d400000|  0%| F|  |TAMS 0x000000008d300000, 0x000000008d300000| Untracked 
| 212|0x000000008d400000, 0x000000008d400000, 0x000000008d500000|  0%| F|  |TAMS 0x000000008d400000, 0x000000008d400000| Untracked 
| 213|0x000000008d500000, 0x000000008d500000, 0x000000008d600000|  0%| F|  |TAMS 0x000000008d500000, 0x000000008d500000| Untracked 
| 214|0x000000008d600000, 0x000000008d600000, 0x000000008d700000|  0%| F|  |TAMS 0x000000008d600000, 0x000000008d600000| Untracked 
| 215|0x000000008d700000, 0x000000008d700000, 0x000000008d800000|  0%| F|  |TAMS 0x000000008d700000, 0x000000008d700000| Untracked 
| 216|0x000000008d800000, 0x000000008d800000, 0x000000008d900000|  0%| F|  |TAMS 0x000000008d800000, 0x000000008d800000| Untracked 
| 217|0x000000008d900000, 0x000000008d900000, 0x000000008da00000|  0%| F|  |TAMS 0x000000008d900000, 0x000000008d900000| Untracked 
| 218|0x000000008da00000, 0x000000008da00000, 0x000000008db00000|  0%| F|  |TAMS 0x000000008da00000, 0x000000008da00000| Untracked 
| 219|0x000000008db00000, 0x000000008db00000, 0x000000008dc00000|  0%| F|  |TAMS 0x000000008db00000, 0x000000008db00000| Untracked 
| 220|0x000000008dc00000, 0x000000008dc00000, 0x000000008dd00000|  0%| F|  |TAMS 0x000000008dc00000, 0x000000008dc00000| Untracked 
| 221|0x000000008dd00000, 0x000000008dd00000, 0x000000008de00000|  0%| F|  |TAMS 0x000000008dd00000, 0x000000008dd00000| Untracked 
| 222|0x000000008de00000, 0x000000008de00000, 0x000000008df00000|  0%| F|  |TAMS 0x000000008de00000, 0x000000008de00000| Untracked 
| 223|0x000000008df00000, 0x000000008df00000, 0x000000008e000000|  0%| F|  |TAMS 0x000000008df00000, 0x000000008df00000| Untracked 
| 224|0x000000008e000000, 0x000000008e000000, 0x000000008e100000|  0%| F|  |TAMS 0x000000008e000000, 0x000000008e000000| Untracked 
| 225|0x000000008e100000, 0x000000008e100000, 0x000000008e200000|  0%| F|  |TAMS 0x000000008e100000, 0x000000008e100000| Untracked 
| 226|0x000000008e200000, 0x000000008e200000, 0x000000008e300000|  0%| F|  |TAMS 0x000000008e200000, 0x000000008e200000| Untracked 
| 227|0x000000008e300000, 0x000000008e300000, 0x000000008e400000|  0%| F|  |TAMS 0x000000008e300000, 0x000000008e300000| Untracked 
| 228|0x000000008e400000, 0x000000008e400000, 0x000000008e500000|  0%| F|  |TAMS 0x000000008e400000, 0x000000008e400000| Untracked 
| 229|0x000000008e500000, 0x000000008e500000, 0x000000008e600000|  0%| F|  |TAMS 0x000000008e500000, 0x000000008e500000| Untracked 
| 230|0x000000008e600000, 0x000000008e600000, 0x000000008e700000|  0%| F|  |TAMS 0x000000008e600000, 0x000000008e600000| Untracked 
| 231|0x000000008e700000, 0x000000008e700000, 0x000000008e800000|  0%| F|  |TAMS 0x000000008e700000, 0x000000008e700000| Untracked 
| 232|0x000000008e800000, 0x000000008e800000, 0x000000008e900000|  0%| F|  |TAMS 0x000000008e800000, 0x000000008e800000| Untracked 
| 233|0x000000008e900000, 0x000000008e900000, 0x000000008ea00000|  0%| F|  |TAMS 0x000000008e900000, 0x000000008e900000| Untracked 
| 234|0x000000008ea00000, 0x000000008ea00000, 0x000000008eb00000|  0%| F|  |TAMS 0x000000008ea00000, 0x000000008ea00000| Untracked 
| 235|0x000000008eb00000, 0x000000008eb00000, 0x000000008ec00000|  0%| F|  |TAMS 0x000000008eb00000, 0x000000008eb00000| Untracked 
| 236|0x000000008ec00000, 0x000000008ec00000, 0x000000008ed00000|  0%| F|  |TAMS 0x000000008ec00000, 0x000000008ec00000| Untracked 
| 237|0x000000008ed00000, 0x000000008ed00000, 0x000000008ee00000|  0%| F|  |TAMS 0x000000008ed00000, 0x000000008ed00000| Untracked 
| 238|0x000000008ee00000, 0x000000008ee00000, 0x000000008ef00000|  0%| F|  |TAMS 0x000000008ee00000, 0x000000008ee00000| Untracked 
| 239|0x000000008ef00000, 0x000000008ef00000, 0x000000008f000000|  0%| F|  |TAMS 0x000000008ef00000, 0x000000008ef00000| Untracked 
| 240|0x000000008f000000, 0x000000008f000000, 0x000000008f100000|  0%| F|  |TAMS 0x000000008f000000, 0x000000008f000000| Untracked 
| 241|0x000000008f100000, 0x000000008f100000, 0x000000008f200000|  0%| F|  |TAMS 0x000000008f100000, 0x000000008f100000| Untracked 
| 242|0x000000008f200000, 0x000000008f200000, 0x000000008f300000|  0%| F|  |TAMS 0x000000008f200000, 0x000000008f200000| Untracked 
| 243|0x000000008f300000, 0x000000008f300000, 0x000000008f400000|  0%| F|  |TAMS 0x000000008f300000, 0x000000008f300000| Untracked 
| 244|0x000000008f400000, 0x000000008f400000, 0x000000008f500000|  0%| F|  |TAMS 0x000000008f400000, 0x000000008f400000| Untracked 
| 245|0x000000008f500000, 0x000000008f500000, 0x000000008f600000|  0%| F|  |TAMS 0x000000008f500000, 0x000000008f500000| Untracked 
| 246|0x000000008f600000, 0x000000008f600000, 0x000000008f700000|  0%| F|  |TAMS 0x000000008f600000, 0x000000008f600000| Untracked 
| 247|0x000000008f700000, 0x000000008f700000, 0x000000008f800000|  0%| F|  |TAMS 0x000000008f700000, 0x000000008f700000| Untracked 
| 248|0x000000008f800000, 0x000000008f800000, 0x000000008f900000|  0%| F|  |TAMS 0x000000008f800000, 0x000000008f800000| Untracked 
| 249|0x000000008f900000, 0x000000008f900000, 0x000000008fa00000|  0%| F|  |TAMS 0x000000008f900000, 0x000000008f900000| Untracked 
| 250|0x000000008fa00000, 0x000000008fa00000, 0x000000008fb00000|  0%| F|  |TAMS 0x000000008fa00000, 0x000000008fa00000| Untracked 
| 251|0x000000008fb00000, 0x000000008fb00000, 0x000000008fc00000|  0%| F|  |TAMS 0x000000008fb00000, 0x000000008fb00000| Untracked 
| 252|0x000000008fc00000, 0x000000008fc00000, 0x000000008fd00000|  0%| F|  |TAMS 0x000000008fc00000, 0x000000008fc00000| Untracked 
| 253|0x000000008fd00000, 0x000000008fd00000, 0x000000008fe00000|  0%| F|  |TAMS 0x000000008fd00000, 0x000000008fd00000| Untracked 
| 254|0x000000008fe00000, 0x000000008feffef0, 0x000000008ff00000| 99%| E|  |TAMS 0x000000008fe00000, 0x000000008fe00000| Complete 
| 255|0x000000008ff00000, 0x0000000090000000, 0x0000000090000000|100%| E|CS|TAMS 0x000000008ff00000, 0x000000008ff00000| Complete 

Card table byte_map: [0x00000216333a0000,0x00000216337a0000] _byte_map_base: 0x0000021632fa0000

Marking Bits (Prev, Next): (CMBitMap*) 0x000002161dd002c0, (CMBitMap*) 0x000002161dd00288
 Prev Bits: [0x0000021635ba0000, 0x0000021637ba0000)
 Next Bits: [0x0000021633ba0000, 0x0000021635ba0000)

Polling page: 0x000002161dd90000

Metaspace:

Usage:
  Non-class:     18.46 MB capacity,    18.09 MB ( 98%) used,   343.58 KB (  2%) free+waste,    35.81 KB ( <1%) overhead. 
      Class:      2.73 MB capacity,     2.52 MB ( 92%) used,   195.02 KB (  7%) free+waste,    17.75 KB ( <1%) overhead. 
       Both:     21.19 MB capacity,    20.61 MB ( 97%) used,   538.59 KB (  2%) free+waste,    53.56 KB ( <1%) overhead. 

Virtual space:
  Non-class space:       20.00 MB reserved,      18.67 MB ( 93%) committed 
      Class space:        1.00 GB reserved,       2.82 MB ( <1%) committed 
             Both:        1.02 GB reserved,      21.50 MB (  2%) committed 

Chunk freelists:
   Non-Class:  44.00 KB
       Class:  19.00 KB
        Both:  63.00 KB

MaxMetaspaceSize: 17179869184.00 GB
CompressedClassSpaceSize: 1.00 GB
Initial GC threshold: 20.80 MB
Current GC threshold: 35.20 MB
CDS: off

CodeHeap 'non-profiled nmethods': size=120000Kb used=981Kb max_used=981Kb free=119019Kb
 bounds [0x000002162adf0000, 0x000002162b060000, 0x0000021632320000]
CodeHeap 'profiled nmethods': size=120000Kb used=3999Kb max_used=3999Kb free=116001Kb
 bounds [0x00000216238c0000, 0x0000021623cb0000, 0x000002162adf0000]
CodeHeap 'non-nmethods': size=5760Kb used=1206Kb max_used=1215Kb free=4554Kb
 bounds [0x0000021623320000, 0x0000021623590000, 0x00000216238c0000]
 total_blobs=2408 nmethods=1926 adapters=394
 compilation: enabled
              stopped_count=0, restarted_count=0
 full_count=0

Compilation events (20 events):
Event: 2.147 Thread 0x000002163b192000 1885       4       java.lang.Object::equals (11 bytes)
Event: 2.148 Thread 0x000002163b19b000 nmethod 1893 0x0000021623c91990 code [0x0000021623c91ca0, 0x0000021623c92d18]
Event: 2.148 Thread 0x000002163b192000 nmethod 1885 0x000002162aee2a90 code [0x000002162aee2c20, 0x000002162aee2c98]
Event: 2.148 Thread 0x000002163b19b000 1891       3       org.gradle.internal.service.DefaultServiceRegistry$OwnServices::add (117 bytes)
Event: 2.148 Thread 0x000002163b192000 1884       4       java.util.Collections$SetFromMap::remove (19 bytes)
Event: 2.149 Thread 0x000002163b19b000 nmethod 1891 0x0000021623c93310 code [0x0000021623c935e0, 0x0000021623c94428]
Event: 2.149 Thread 0x000002163b19b000 1892       3       org.gradle.internal.service.DefaultServiceRegistry::access$1000 (5 bytes)
Event: 2.149 Thread 0x000002163b19b000 nmethod 1892 0x0000021623c94a10 code [0x0000021623c94bc0, 0x0000021623c94cc8]
Event: 2.149 Thread 0x000002163b19b000 1894       3       org.gradle.internal.service.DefaultServiceRegistry$ClassInspector::getHierarchy (9 bytes)
Event: 2.149 Thread 0x000002163b19b000 nmethod 1894 0x0000021623c94d90 code [0x0000021623c94f40, 0x0000021623c95088]
Event: 2.150 Thread 0x000002163b19b000 1896       3       java.lang.Class::privateGetDeclaredMethods (64 bytes)
Event: 2.151 Thread 0x000002163b19b000 nmethod 1896 0x0000021623c95190 code [0x0000021623c953c0, 0x0000021623c95b38]
Event: 2.152 Thread 0x000002163b192000 nmethod 1884 0x000002162aee2d90 code [0x000002162aee2f40, 0x000002162aee3388]
Event: 2.152 Thread 0x000002163b192000 1895   !   4       java.util.zip.InflaterInputStream::read (138 bytes)
Event: 2.156 Thread 0x000002163b19b000 1897       3       jdk.internal.reflect.ReflectionFactory::getExecutableSharedParameterTypes (10 bytes)
Event: 2.156 Thread 0x000002163b19b000 nmethod 1897 0x0000021623c95d90 code [0x0000021623c95f80, 0x0000021623c96308]
Event: 2.156 Thread 0x000002163b19b000 1898       3       java.lang.reflect.ReflectAccess::getExecutableSharedParameterTypes (5 bytes)
Event: 2.156 Thread 0x000002163b19b000 nmethod 1898 0x0000021623c96490 code [0x0000021623c96640, 0x0000021623c96808]
Event: 2.156 Thread 0x000002163b19b000 1899       3       java.lang.reflect.ProxyGenerator$ExceptionTableEntry::<init> (26 bytes)
Event: 2.156 Thread 0x000002163b19b000 nmethod 1899 0x0000021623c96910 code [0x0000021623c96ac0, 0x0000021623c96c38]

GC Heap History (2 events):
Event: 0.612 GC heap before
{Heap before GC invocations=0 (full 0):
 garbage-first heap   total 262144K, used 29696K [0x0000000080000000, 0x0000000100000000)
  region size 1024K, 24 young (24576K), 0 survivors (0K)
 Metaspace       used 10114K, capacity 10327K, committed 10624K, reserved 1058816K
  class space    used 1031K, capacity 1106K, committed 1152K, reserved 1048576K
}
Event: 0.616 GC heap after
{Heap after GC invocations=1 (full 0):
 garbage-first heap   total 262144K, used 9642K [0x0000000080000000, 0x0000000100000000)
  region size 1024K, 3 young (3072K), 3 survivors (3072K)
 Metaspace       used 10114K, capacity 10327K, committed 10624K, reserved 1058816K
  class space    used 1031K, capacity 1106K, committed 1152K, reserved 1048576K
}

Deoptimization events (20 events):
Event: 2.085 Thread 0x000002163c9c7000 Uncommon trap: trap_request=0xffffff4d fr.pc=0x000002162ae0acb0 relative=0x0000000000000a10
Event: 2.085 Thread 0x000002163c9c7000 Uncommon trap: reason=unstable_if action=reinterpret pc=0x000002162ae0acb0 method=java.io.WinNTFileSystem.resolve(Ljava/lang/String;Ljava/lang/String;)Ljava/lang/String; @ 19 c2
Event: 2.085 Thread 0x000002163c9c7000 DEOPT PACKING pc=0x000002162ae0acb0 sp=0x000000d504bfd0b0
Event: 2.085 Thread 0x000002163c9c7000 DEOPT UNPACKING pc=0x000002162336a1af sp=0x000000d504bfd048 mode 2
Event: 2.086 Thread 0x000002163c9c7000 Uncommon trap: trap_request=0xffffffc6 fr.pc=0x000002162ae6b7a4 relative=0x0000000000000084
Event: 2.086 Thread 0x000002163c9c7000 Uncommon trap: reason=bimorphic_or_optimized_type_check action=maybe_recompile pc=0x000002162ae6b7a4 method=java.util.AbstractList$Itr.hasNext()Z @ 8 c2
Event: 2.086 Thread 0x000002163c9c7000 DEOPT PACKING pc=0x000002162ae6b7a4 sp=0x000000d504bfc540
Event: 2.086 Thread 0x000002163c9c7000 DEOPT UNPACKING pc=0x000002162336a1af sp=0x000000d504bfc4d8 mode 2
Event: 2.086 Thread 0x000002163c9c7000 Uncommon trap: trap_request=0xffffffc6 fr.pc=0x000002162ae6bb54 relative=0x0000000000000114
Event: 2.086 Thread 0x000002163c9c7000 Uncommon trap: reason=bimorphic_or_optimized_type_check action=maybe_recompile pc=0x000002162ae6bb54 method=java.util.AbstractList$Itr.next()Ljava/lang/Object; @ 14 c2
Event: 2.086 Thread 0x000002163c9c7000 DEOPT PACKING pc=0x000002162ae6bb54 sp=0x000000d504bfc530
Event: 2.086 Thread 0x000002163c9c7000 DEOPT UNPACKING pc=0x000002162336a1af sp=0x000000d504bfc4c8 mode 2
Event: 2.086 Thread 0x000002163c9c7000 Uncommon trap: trap_request=0xffffff4d fr.pc=0x000002162ae6715c relative=0x000000000000051c
Event: 2.086 Thread 0x000002163c9c7000 Uncommon trap: reason=unstable_if action=reinterpret pc=0x000002162ae6715c method=java.io.File.getName()Ljava/lang/String; @ 16 c2
Event: 2.086 Thread 0x000002163c9c7000 DEOPT PACKING pc=0x000002162ae6715c sp=0x000000d504bfd040
Event: 2.086 Thread 0x000002163c9c7000 DEOPT UNPACKING pc=0x000002162336a1af sp=0x000000d504bfd010 mode 2
Event: 2.086 Thread 0x000002163c9c7000 Uncommon trap: trap_request=0xffffff4d fr.pc=0x000002162ae66334 relative=0x0000000000000474
Event: 2.086 Thread 0x000002163c9c7000 Uncommon trap: reason=unstable_if action=reinterpret pc=0x000002162ae66334 method=java.lang.String.substring(I)Ljava/lang/String; @ 34 c2
Event: 2.086 Thread 0x000002163c9c7000 DEOPT PACKING pc=0x000002162ae66334 sp=0x000000d504bfcfc0
Event: 2.086 Thread 0x000002163c9c7000 DEOPT UNPACKING pc=0x000002162336a1af sp=0x000000d504bfcf98 mode 2

Classes redefined (0 events):
No events

Internal exceptions (20 events):
Event: 0.130 Thread 0x000002161dcbc800 Exception <a 'java/lang/NoSuchMethodError'{0x000000008fd28938}: 'int java.lang.invoke.DirectMethodHandle$Holder.invokeStaticInit(java.lang.Object, java.lang.Object)'> (0x000000008fd28938) thrown at [src/hotspot/share/interpreter/linkResolver.cpp, line 773]
Event: 0.165 Thread 0x000002161dcbc800 Exception <a 'java/lang/NoSuchMethodError'{0x000000008fdf80e0}: 'int java.lang.invoke.DirectMethodHandle$Holder.invokeSpecial(java.lang.Object, java.lang.Object, java.lang.Object, java.lang.Object)'> (0x000000008fdf80e0) thrown at [src/hotspot/share/interpreter/linkResolver.cpp, line 773]
Event: 0.171 Thread 0x000002161dcbc800 Exception <a 'java/lang/NoSuchMethodError'{0x000000008fc30838}: 'int java.lang.invoke.DirectMethodHandle$Holder.invokeSpecialIFC(java.lang.Object, java.lang.Object, int)'> (0x000000008fc30838) thrown at [src/hotspot/share/interpreter/linkResolver.cpp, line 773]
Event: 0.405 Thread 0x000002161dcbc800 Exception <a 'java/lang/NoClassDefFoundError'{0x000000008f1feb58}: org/slf4j/impl/StaticMarkerBinder> (0x000000008f1feb58) thrown at [src/hotspot/share/classfile/systemDictionary.cpp, line 219]
Event: 0.469 Thread 0x000002161dcbc800 Exception <a 'java/lang/NoSuchMethodError'{0x000000008edd6028}: 'java.lang.Object java.lang.invoke.DirectMethodHandle$Holder.invokeVirtual(java.lang.Object, java.lang.Object, java.lang.Object, java.lang.Object, java.lang.Object, java.lang.Object, java.lang.Object)'> (0x000000008edd6028) thrown at [src/hotspot/share/interpreter/linkResolver.cpp, line 773]
Event: 0.470 Thread 0x000002161dcbc800 Exception <a 'java/lang/NoSuchMethodError'{0x000000008edea438}: 'java.lang.Object java.lang.invoke.Invokers$Holder.invoker(java.lang.Object, java.lang.Object, java.lang.Object)'> (0x000000008edea438) thrown at [src/hotspot/share/interpreter/linkResolver.cpp, line 773]
Event: 0.475 Thread 0x000002161dcbc800 Exception <a 'java/lang/NoSuchMethodError'{0x000000008edfb8a0}: 'void java.lang.invoke.DelegatingMethodHandle$Holder.delegate(java.lang.Object, java.lang.Object, int, java.lang.Object)'> (0x000000008edfb8a0) thrown at [src/hotspot/share/interpreter/linkResolver.cpp, line 773]
Event: 1.038 Thread 0x000002161dcbc800 Exception <a 'java/security/PrivilegedActionException'{0x000000008de8ed28}> (0x000000008de8ed28) thrown at [src/hotspot/share/prims/jvm.cpp, line 1306]
Event: 1.038 Thread 0x000002161dcbc800 Exception <a 'java/security/PrivilegedActionException'{0x000000008de8f2a0}> (0x000000008de8f2a0) thrown at [src/hotspot/share/prims/jvm.cpp, line 1306]
Event: 1.206 Thread 0x000002161dcbc800 Exception <a 'java/lang/NoSuchMethodError'{0x000000008cdaa810}: 'java.lang.Object java.lang.invoke.DirectMethodHandle$Holder.invokeStaticInit(java.lang.Object, java.lang.Object, java.lang.Object)'> (0x000000008cdaa810) thrown at [src/hotspot/share/interpreter/linkResolver.cpp, line 773]
Event: 1.352 Thread 0x000002161dcbc800 Exception <a 'java/lang/NoSuchMethodError'{0x000000008c646118}: 'java.lang.Object java.lang.invoke.DirectMethodHandle$Holder.invokeStaticInit(java.lang.Object, int, int, int, int)'> (0x000000008c646118) thrown at [src/hotspot/share/interpreter/linkResolver.cpp, line 773]
Event: 1.528 Thread 0x000002161dcbc800 Exception <a 'java/lang/NoSuchMethodError'{0x000000008c6f8620}: 'java.lang.Object java.lang.invoke.DirectMethodHandle$Holder.invokeStaticInit(java.lang.Object, java.lang.Object, int, int, int, int)'> (0x000000008c6f8620) thrown at [src/hotspot/share/interpreter/linkResolver.cpp, line 773]
Event: 1.812 Thread 0x000002161dcbc800 Exception <a 'java/io/IOException'{0x000000008c4cfc80}> (0x000000008c4cfc80) thrown at [src/hotspot/share/prims/jni.cpp, line 617]
Event: 1.911 Thread 0x000002163c9c7000 Exception <a 'java/lang/NoSuchMethodError'{0x000000008bc0b820}: 'long java.lang.invoke.DirectMethodHandle$Holder.invokeInterface(java.lang.Object, java.lang.Object)'> (0x000000008bc0b820) thrown at [src/hotspot/share/interpreter/linkResolver.cpp, line 773]
Event: 1.911 Thread 0x000002163c9c7000 Exception <a 'java/lang/NoSuchMethodError'{0x000000008bc188c0}: 'void java.lang.invoke.DelegatingMethodHandle$Holder.reinvoke_L(java.lang.Object, java.lang.Object, java.lang.Object, java.lang.Object, java.lang.Object, java.lang.Object, java.lang.Object)'> (0x000000008bc188c0) thrown at [src/hotspot/share/interpreter/linkResolver.cpp, line 773]
Event: 1.986 Thread 0x000002163c9c7000 Exception <a 'java/lang/NoSuchMethodError'{0x000000008b439af8}: 'void java.lang.invoke.DirectMethodHandle$Holder.invokeStaticInit(java.lang.Object)'> (0x000000008b439af8) thrown at [src/hotspot/share/interpreter/linkResolver.cpp, line 773]
Event: 1.999 Thread 0x000002163c9c7000 Exception <a 'java/lang/NoSuchMethodError'{0x000000008b4f4718}: 'java.lang.Object java.lang.invoke.DirectMethodHandle$Holder.invokeStatic(java.lang.Object, java.lang.Object, java.lang.Object, int)'> (0x000000008b4f4718) thrown at [src/hotspot/share/interpreter/linkResolver.cpp, line 773]
Event: 1.999 Thread 0x000002163c9c7000 Exception <a 'java/lang/NoSuchMethodError'{0x000000008b4f88e0}: 'java.lang.Object java.lang.invoke.DirectMethodHandle$Holder.invokeSpecial(java.lang.Object, java.lang.Object, java.lang.Object, java.lang.Object, int)'> (0x000000008b4f88e0) thrown at [src/hotspot/share/interpreter/linkResolver.cpp, line 773]
Event: 1.999 Thread 0x000002163c9c7000 Exception <a 'java/lang/NoSuchMethodError'{0x000000008b4fc2c8}: 'java.lang.Object java.lang.invoke.Invokers$Holder.linkToTargetMethod(java.lang.Object, java.lang.Object, int, java.lang.Object)'> (0x000000008b4fc2c8) thrown at [src/hotspot/share/interpreter/linkResolver.cpp, line 773]
Event: 2.102 Thread 0x000002163c9c7000 Exception <a 'java/lang/NoSuchMethodError'{0x000000008aa3e8b0}: 'java.lang.Object java.lang.invoke.Invokers$Holder.linkToTargetMethod(java.lang.Object, java.lang.Object, java.lang.Object, java.lang.Object, java.lang.Object, java.lang.Object)'> (0x000000008aa3e8b0) thrown at [src/hotspot/share/interpreter/linkResolver.cpp, line 773]

Events (20 events):
Event: 2.158 loading class org/gradle/internal/scan/time/BuildScanBuildStartedTime
Event: 2.158 loading class org/gradle/internal/scan/time/BuildScanBuildStartedTime done
Event: 2.158 loading class org/gradle/plugins/ide/internal/IdeArtifactStore
Event: 2.158 loading class org/gradle/plugins/ide/internal/IdeArtifactStore done
Event: 2.158 loading class org/gradle/vcs/internal/services/VersionControlServices$VersionControlBuildTreeServices
Event: 2.158 loading class org/gradle/vcs/internal/services/VersionControlServices$VersionControlBuildTreeServices done
Event: 2.159 loading class org/gradle/vcs/internal/VersionControlSpecFactory
Event: 2.159 loading class org/gradle/vcs/internal/VersionControlSpecFactory done
Event: 2.159 loading class org/gradle/vcs/internal/VcsMappingFactory
Event: 2.159 loading class org/gradle/vcs/internal/VcsMappingFactory done
Event: 2.159 loading class org/gradle/vcs/internal/VcsMappingsStore
Event: 2.159 loading class org/gradle/vcs/internal/VcsMappingsStore done
Event: 2.159 loading class org/gradle/vcs/internal/resolver/VcsVersionSelectionCache
Event: 2.159 loading class org/gradle/vcs/internal/resolver/VcsVersionSelectionCache done
Event: 2.160 loading class org/gradle/vcs/internal/VcsResolver
Event: 2.160 loading class org/gradle/vcs/internal/VcsResolver done
Event: 2.160 loading class org/gradle/profile/BuildProfileServices$1
Event: 2.160 loading class org/gradle/profile/BuildProfileServices$1 done
Event: 2.160 loading class org/gradle/configurationcache/ConfigurationCacheKey
Event: 2.160 loading class org/gradle/configurationcache/ConfigurationCacheKey done


Dynamic libraries:
0x00007ff6415a0000 - 0x00007ff6415aa000 	C:\Program Files\Android\Android Studio\jbr\bin\java.exe
0x00007ff8641d0000 - 0x00007ff8643c8000 	C:\Windows\SYSTEM32\ntdll.dll
0x00007ff862440000 - 0x00007ff8624ff000 	C:\Windows\System32\KERNEL32.DLL
0x00007ff861d40000 - 0x00007ff862012000 	C:\Windows\System32\KERNELBASE.dll
0x00007ff862110000 - 0x00007ff862210000 	C:\Windows\System32\ucrtbase.dll
0x00007ff853bd0000 - 0x00007ff853be7000 	C:\Program Files\Android\Android Studio\jbr\bin\jli.dll
0x00007ff853bb0000 - 0x00007ff853bcb000 	C:\Program Files\Android\Android Studio\jbr\bin\VCRUNTIME140.dll
0x00007ff863740000 - 0x00007ff8638e1000 	C:\Windows\System32\USER32.dll
0x00007ff861a20000 - 0x00007ff861a42000 	C:\Windows\System32\win32u.dll
0x00007ff8541b0000 - 0x00007ff85444a000 	C:\Windows\WinSxS\amd64_microsoft.windows.common-controls_6595b64144ccf1df_6.0.19041.1110_none_60b5254171f9507e\COMCTL32.dll
0x00007ff8633d0000 - 0x00007ff8633fb000 	C:\Windows\System32\GDI32.dll
0x00007ff8623a0000 - 0x00007ff86243e000 	C:\Windows\System32\msvcrt.dll
0x00007ff861c30000 - 0x00007ff861d3f000 	C:\Windows\System32\gdi32full.dll
0x00007ff861a50000 - 0x00007ff861aed000 	C:\Windows\System32\msvcp_win.dll
0x00007ff863e00000 - 0x00007ff863e32000 	C:\Windows\System32\IMM32.DLL
0x0000000180000000 - 0x0000000180007000 	C:\Program Files\Prio\prio.dll
0x00007ff863460000 - 0x00007ff86350e000 	C:\Windows\System32\ADVAPI32.dll
0x00007ff8640f0000 - 0x00007ff86418c000 	C:\Windows\System32\sechost.dll
0x00007ff863910000 - 0x00007ff863a35000 	C:\Windows\System32\RPCRT4.dll
0x00007ff8539b0000 - 0x00007ff8539bc000 	C:\Program Files\Android\Android Studio\jbr\bin\vcruntime140_1.dll
0x00007ff81c750000 - 0x00007ff81c7dd000 	C:\Program Files\Android\Android Studio\jbr\bin\msvcp140.dll
0x00007fffe55b0000 - 0x00007fffe616c000 	C:\Program Files\Android\Android Studio\jbr\bin\server\jvm.dll
0x00007ff862210000 - 0x00007ff862218000 	C:\Windows\System32\PSAPI.DLL
0x00007ff860610000 - 0x00007ff86061a000 	C:\Windows\SYSTEM32\VERSION.dll
0x00007ff843fb0000 - 0x00007ff843fb9000 	C:\Windows\SYSTEM32\WSOCK32.dll
0x00007ff856040000 - 0x00007ff856067000 	C:\Windows\SYSTEM32\WINMM.dll
0x00007ff863ed0000 - 0x00007ff863f3b000 	C:\Windows\System32\WS2_32.dll
0x00007ff860570000 - 0x00007ff860582000 	C:\Windows\SYSTEM32\kernel.appcore.dll
0x00007ff85d0b0000 - 0x00007ff85d0c0000 	C:\Program Files\Android\Android Studio\jbr\bin\verify.dll
0x00007ff84db50000 - 0x00007ff84dd34000 	C:\Windows\SYSTEM32\DBGHELP.DLL
0x00007ff84b630000 - 0x00007ff84b665000 	C:\Windows\SYSTEM32\dbgcore.DLL
0x00007ff861ba0000 - 0x00007ff861c22000 	C:\Windows\System32\bcryptPrimitives.dll
0x00007ff858150000 - 0x00007ff858178000 	C:\Program Files\Android\Android Studio\jbr\bin\java.dll
0x00007ff85b390000 - 0x00007ff85b39a000 	C:\Program Files\Android\Android Studio\jbr\bin\jimage.dll
0x00007ff856460000 - 0x00007ff856478000 	C:\Program Files\Android\Android Studio\jbr\bin\zip.dll
0x00007ff862c80000 - 0x00007ff8633c4000 	C:\Windows\System32\SHELL32.dll
0x00007ff85f6c0000 - 0x00007ff85fe52000 	C:\Windows\SYSTEM32\windows.storage.dll
0x00007ff863a40000 - 0x00007ff863d95000 	C:\Windows\System32\combase.dll
0x00007ff861320000 - 0x00007ff861350000 	C:\Windows\SYSTEM32\Wldp.dll
0x00007ff862af0000 - 0x00007ff862b9d000 	C:\Windows\System32\SHCORE.dll
0x00007ff864090000 - 0x00007ff8640e5000 	C:\Windows\System32\shlwapi.dll
0x00007ff861800000 - 0x00007ff86181f000 	C:\Windows\SYSTEM32\profapi.dll
0x00007ff8560b0000 - 0x00007ff8560c9000 	C:\Program Files\Android\Android Studio\jbr\bin\net.dll
0x00007ff859ef0000 - 0x00007ff859ffc000 	C:\Windows\SYSTEM32\WINHTTP.dll
0x00007ff861030000 - 0x00007ff86109a000 	C:\Windows\system32\mswsock.dll
0x00007ff855d60000 - 0x00007ff855d73000 	C:\Program Files\Android\Android Studio\jbr\bin\nio.dll
0x00007ff836f60000 - 0x00007ff836f87000 	C:\Users\antik\.gradle\native\e1d6ef7f7dcc3fd88c89a11ec53ec762bb8ba0a96d01ffa2cd45eb1d1d8dd5c5\windows-amd64\native-platform.dll
0x00007ffff2920000 - 0x00007ffff2a64000 	C:\Users\antik\.gradle\native\0d407fdbe67a94daf76414ababcb853783967236a71b16ec16e742cd7a986fd3\windows-amd64\native-platform-file-events.dll
0x00007ff84c680000 - 0x00007ff84c68a000 	C:\Program Files\Android\Android Studio\jbr\bin\management.dll
0x00007ff84abf0000 - 0x00007ff84abfb000 	C:\Program Files\Android\Android Studio\jbr\bin\management_ext.dll
0x00007ff8611e0000 - 0x00007ff8611f8000 	C:\Windows\SYSTEM32\CRYPTSP.dll
0x00007ff8608f0000 - 0x00007ff860924000 	C:\Windows\system32\rsaenh.dll
0x00007ff8620e0000 - 0x00007ff862107000 	C:\Windows\System32\bcrypt.dll
0x00007ff8617c0000 - 0x00007ff8617ee000 	C:\Windows\SYSTEM32\USERENV.dll
0x00007ff861200000 - 0x00007ff86120c000 	C:\Windows\SYSTEM32\CRYPTBASE.dll
0x00007ff860ce0000 - 0x00007ff860d1b000 	C:\Windows\SYSTEM32\IPHLPAPI.DLL
0x00007ff863900000 - 0x00007ff863908000 	C:\Windows\System32\NSI.dll
0x00007ff85a090000 - 0x00007ff85a0a7000 	C:\Windows\SYSTEM32\dhcpcsvc6.DLL
0x00007ff85a070000 - 0x00007ff85a08d000 	C:\Windows\SYSTEM32\dhcpcsvc.DLL
0x00007ff860d20000 - 0x00007ff860dea000 	C:\Windows\SYSTEM32\DNSAPI.dll

dbghelp: loaded successfully - version: 4.0.5 - missing functions: none
symbol engine: initialized successfully - sym options: 0x614 - pdb path: .;C:\Program Files\Android\Android Studio\jbr\bin;C:\Windows\SYSTEM32;C:\Windows\WinSxS\amd64_microsoft.windows.common-controls_6595b64144ccf1df_6.0.19041.1110_none_60b5254171f9507e;C:\Program Files\Prio;C:\Program Files\Android\Android Studio\jbr\bin\server;C:\Users\antik\.gradle\native\e1d6ef7f7dcc3fd88c89a11ec53ec762bb8ba0a96d01ffa2cd45eb1d1d8dd5c5\windows-amd64;C:\Users\antik\.gradle\native\0d407fdbe67a94daf76414ababcb853783967236a71b16ec16e742cd7a986fd3\windows-amd64

VM Arguments:
jvm_args: --add-opens=java.base/java.util=ALL-UNNAMED --add-opens=java.base/java.lang=ALL-UNNAMED --add-opens=java.base/java.lang.invoke=ALL-UNNAMED --add-opens=java.base/java.util=ALL-UNNAMED --add-opens=java.prefs/java.util.prefs=ALL-UNNAMED --add-opens=java.prefs/java.util.prefs=ALL-UNNAMED --add-opens=java.base/java.nio.charset=ALL-UNNAMED --add-opens=java.base/java.net=ALL-UNNAMED --add-opens=java.base/java.util.concurrent.atomic=ALL-UNNAMED -Xmx2048m -Dfile.encoding=UTF-8 -Duser.country=FI -Duser.language=fi -Duser.variant 
java_command: org.gradle.launcher.daemon.bootstrap.GradleDaemon 7.5
java_class_path (initial): C:\Users\antik\.gradle\wrapper\dists\gradle-7.5-bin\f1w0cc9nuo0eivz97x2xlu9sv\gradle-7.5\lib\gradle-launcher-7.5.jar
Launcher Type: SUN_STANDARD

[Global flags]
     intx CICompilerCount                          = 4                                         {product} {ergonomic}
     uint ConcGCThreads                            = 3                                         {product} {ergonomic}
     uint G1ConcRefinementThreads                  = 10                                        {product} {ergonomic}
   size_t G1HeapRegionSize                         = 1048576                                   {product} {ergonomic}
    uintx GCDrainStackTargetSize                   = 64                                        {product} {ergonomic}
   size_t InitialHeapSize                          = 268435456                                 {product} {ergonomic}
   size_t MarkStackSize                            = 4194304                                   {product} {ergonomic}
   size_t MaxHeapSize                              = 2147483648                                {product} {command line}
   size_t MaxNewSize                               = 1287651328                                {product} {ergonomic}
   size_t MinHeapDeltaBytes                        = 1048576                                   {product} {ergonomic}
    uintx NonNMethodCodeHeapSize                   = 5836300                                {pd product} {ergonomic}
    uintx NonProfiledCodeHeapSize                  = 122910970                              {pd product} {ergonomic}
    uintx ProfiledCodeHeapSize                     = 122910970                              {pd product} {ergonomic}
    uintx ReservedCodeCacheSize                    = 251658240                              {pd product} {ergonomic}
     bool SegmentedCodeCache                       = true                                      {product} {ergonomic}
     bool UseCompressedClassPointers               = true                                 {lp64_product} {ergonomic}
     bool UseCompressedOops                        = true                                 {lp64_product} {ergonomic}
     bool UseG1GC                                  = true                                      {product} {ergonomic}
     bool UseLargePagesIndividualAllocation        = false                                  {pd product} {ergonomic}

Logging:
Log output configuration:
 #0: stdout all=warning uptime,level,tags
 #1: stderr all=off uptime,level,tags

Environment Variables:
JAVA_HOME=C:\Program Files\Java\jdk-17.0.1
PATH=C:\Program Files\Oculus\Support\oculus-runtime;C:\Program Files\NVIDIA GPU Computing Toolkit\CUDA\v11.6\bin;C:\Program Files\NVIDIA GPU Computing Toolkit\CUDA\v11.6\libnvvp;C:\Program Files\Common Files\Oracle\Java\javapath;C:\Program Files\Eclipse Adoptium\jdk-17.0.1.12-hotspot\bin;C:\Program Files (x86)\Common Files\Intel\Shared Libraries\redist\intel64\compiler;C:\Program Files (x86)\Common Files\Oracle\Java\javapath;C:\Windows\system32;C:\Windows;C:\Windows\System32\Wbem;C:\Windows\System32\WindowsPowerShell\v1.0\;C:\Windows\System32\OpenSSH\;C:\Program Files\NVIDIA Corporation\NVIDIA NvDLISR;C:\Program Files (x86)\NVIDIA Corporation\PhysX\Common;C:\Program Files\Prio;C:\Program Files\Git\cmd;C:\Program Files\dotnet\;C:\Program Files\CMake\bin;C:\Users\antik\OneDrive\Tiedostot\School\Kurssit\Software quality and testing\06-Test_and_QA_Automation\geckodriver-v0.30.0-win64;C:\Program Files\Java\jdk-17.0.1\bin;C:\Program Files\NVIDIA Corporation\Nsight Compute 2022.1.1\;C:\Program Files\PuTTY\;C:\Program Files\MATLAB\R2022a\bin;C:\Program Files\Docker\Docker\resources\bin;C:\ProgramData\DockerDesktop\version-bin;C:\Program Files\nodejs\;C:\Users\antik\AppData\Local\Programs\Python\Python310\;C:\Users\antik\AppData\Local\Programs\Python\Python310\Scripts\;C:\Users\antik\AppData\Local\Programs\Python\Python310\Lib\site-packages;C:\Python27;C:\Users\antik\AppData\Local\Programs\Python\Python39\;C:\Users\antik\AppData\Local\Programs\Python\Python39\Scripts\;C:\Users\antik\AppData\Local\Programs\Python\Python39\Lib\site-packages;C:\cocos\cocos2d-x\templates;C:\cocos\cocos2d-x\tools\cocos2d-console\bin;C:\Program Files (x86)\Microsoft VS Code\bin;C:\MinGW\bin;C:\Program Files\Git\bin;C:\Program Files\Git\cmd;C:\Program Files\Notepad++;C:\Program Files\CMake\bin;C:\platform-tools;C:\Users\antik\AppData\Local\Microsoft\WindowsApps;C:\Users\antik\AppData\Roaming\npm;C:\Users\antik\AppData\Local\GitHubDesktop\bin;C:\Users\antik\.dotnet\tools
USERNAME=antik
OS=Windows_NT
PROCESSOR_IDENTIFIER=Intel64 Family 6 Model 158 Stepping 10, GenuineIntel



---------------  S Y S T E M  ---------------

OS: Windows 10 , 64 bit Build 19041 (10.0.19041.2364)
OS uptime: 12 days 6:15 hours
Hyper-V role detected

CPU:total 12 (initial active 12) (6 cores per cpu, 2 threads per core) family 6 model 158 stepping 10 microcode 0xb4, cmov, cx8, fxsr, mmx, sse, sse2, sse3, ssse3, sse4.1, sse4.2, popcnt, avx, avx2, aes, clmul, erms, rtm, 3dnowpref, lzcnt, ht, tsc, tscinvbit, bmi1, bmi2, adx, fma

Memory: 4k page, system-wide physical 16314M (3426M free)
TotalPageFile size 38005M (AvailPageFile size 7002M)
current process WorkingSet (physical memory assigned to process): 225M, peak: 225M
current process commit charge ("private bytes"): 407M, peak: 407M

vm_info: OpenJDK 64-Bit Server VM (11.0.15+0-b2043.56-9505619) for windows-amd64 JRE (11.0.15+0-b2043.56-9505619), built on Jan 19 2023 02:48:00 by "builduser" with unknown MS VC++:1929

END.
